1625743374702	geckodriver	INFO	Listening on 127.0.0.1:58227
1625743377752	mozrunner::runner	INFO	Running command: "C:\\Program Files\\Mozilla Firefox\\firefox.exe" "--marionette" "-foreground" "-no-remote" "-profile" "C:\\Users\\Shrikant\\AppData\\Local\\Temp\\rust_mozprofiled0qElm"
1625743378298	Marionette	INFO	Marionette enabled
console.warn: SearchSettings: "get: No settings file exists, new profile?" (new NotFoundError("Could not open the file at C:\\Users\\Shrikant\\AppData\\Local\\Temp\\rust_mozprofiled0qElm\\search.json.mozlz4", (void 0)))
1625743380629	Marionette	INFO	Listening on port 52897
1625743380940	Marionette	WARN	TLS certificate errors will be ignored for this session
JavaScript error: http://test.evoltrader.com/static/js_custom/invest/user_config.js, line 614: ReferenceError: token is not defined
JavaScript error: http://test.evoltrader.com/static/js_custom/invest/user_config.js, line 614: ReferenceError: token is not defined
JavaScript error: http://test.evoltrader.com/static/js_custom/invest/user_config.js, line 614: ReferenceError: token is not defined
JavaScript error: http://test.evoltrader.com/static/js_custom/invest/user_config.js, line 614: ReferenceError: token is not defined
JavaScript error: http://test.evoltrader.com/static/js_custom/invest/user_config.js, line 614: ReferenceError: token is not defined
JavaScript error: http://test.evoltrader.com/static/js_custom/invest/user_config.js, line 614: ReferenceError: token is not defined
JavaScript error: http://test.evoltrader.com/static/js_custom/invest/user_config.js, line 614: ReferenceError: token is not defined
JavaScript error: http://test.evoltrader.com/static/js_custom/invest/user_config.js, line 614: ReferenceError: token is not defined
JavaScript error: http://test.evoltrader.com/static/js_custom/invest/user_config.js, line 614: ReferenceError: token is not defined
JavaScript error: http://test.evoltrader.com/static/js_custom/invest/user_config.js, line 614: ReferenceError: token is not defined
JavaScript error: http://test.evoltrader.com/static/js_custom/invest/user_config.js, line 614: ReferenceError: token is not defined
JavaScript error: http://test.evoltrader.com/static/js_custom/invest/user_config.js, line 614: ReferenceError: token is not defined
JavaScript error: http://test.evoltrader.com/static/js_custom/invest/user_config.js, line 614: ReferenceError: token is not defined
JavaScript error: http://test.evoltrader.com/static/js_custom/invest/user_config.js, line 614: ReferenceError: token is not defined
JavaScript error: http://test.evoltrader.com/static/js_custom/invest/user_config.js, line 614: ReferenceError: token is not defined
JavaScript error: http://test.evoltrader.com/static/js_custom/invest/user_config.js, line 614: ReferenceError: token is not defined
JavaScript error: http://test.evoltrader.com/static/js_custom/invest/user_config.js, line 614: ReferenceError: token is not defined
JavaScript error: http://test.evoltrader.com/static/js_custom/invest/user_config.js, line 614: ReferenceError: token is not defined
JavaScript error: http://test.evoltrader.com/static/js_custom/invest/user_config.js, line 614: ReferenceError: token is not defined
JavaScript error: http://test.evoltrader.com/static/js_custom/invest/user_config.js, line 614: ReferenceError: token is not defined
JavaScript error: http://test.evoltrader.com/static/js_custom/invest/user_config.js, line 614: ReferenceError: token is not defined
JavaScript error: http://test.evoltrader.com/static/js_custom/invest/user_config.js, line 614: ReferenceError: token is not defined
JavaScript error: http://test.evoltrader.com/static/js_custom/invest/user_config.js, line 614: ReferenceError: token is not defined
JavaScript error: http://test.evoltrader.com/static/js_custom/invest/user_config.js, line 614: ReferenceError: token is not defined
JavaScript error: http://test.evoltrader.com/static/js_custom/invest/user_config.js, line 614: ReferenceError: token is not defined
JavaScript error: http://test.evoltrader.com/static/js_custom/invest/user_config.js, line 614: ReferenceError: token is not defined
JavaScript error: http://test.evoltrader.com/static/js_custom/invest/user_config.js, line 614: ReferenceError: token is not defined
JavaScript error: http://test.evoltrader.com/static/js_custom/invest/user_config.js, line 614: ReferenceError: token is not defined
JavaScript error: http://test.evoltrader.com/static/js_custom/invest/user_config.js, line 614: ReferenceError: token is not defined
JavaScript error: http://test.evoltrader.com/static/js_custom/invest/user_config.js, line 614: ReferenceError: token is not defined
JavaScript error: http://test.evoltrader.com/static/js_custom/invest/user_config.js, line 614: ReferenceError: token is not defined
JavaScript error: http://test.evoltrader.com/static/js_custom/invest/user_config.js, line 614: ReferenceError: token is not defined
JavaScript error: http://test.evoltrader.com/static/js_custom/invest/user_config.js, line 614: ReferenceError: token is not defined
JavaScript error: http://test.evoltrader.com/static/js_custom/invest/user_config.js, line 614: ReferenceError: token is not defined
JavaScript error: http://test.evoltrader.com/static/js_custom/invest/user_config.js, line 614: ReferenceError: token is not defined
JavaScript error: http://test.evoltrader.com/static/js_custom/invest/user_config.js, line 614: ReferenceError: token is not defined
JavaScript error: http://test.evoltrader.com/static/js_custom/invest/user_config.js, line 614: ReferenceError: token is not defined
JavaScript error: http://test.evoltrader.com/static/js_custom/invest/user_config.js, line 614: ReferenceError: token is not defined
JavaScript error: http://test.evoltrader.com/static/js_custom/invest/user_config.js, line 614: ReferenceError: token is not defined
JavaScript error: http://test.evoltrader.com/static/js_custom/invest/user_config.js, line 614: ReferenceError: token is not defined
JavaScript error: http://test.evoltrader.com/static/js_custom/invest/user_config.js, line 614: ReferenceError: token is not defined
JavaScript error: http://test.evoltrader.com/static/js_custom/invest/user_config.js, line 614: ReferenceError: token is not defined
JavaScript error: http://test.evoltrader.com/static/js_custom/invest/user_config.js, line 614: ReferenceError: token is not defined
JavaScript error: http://test.evoltrader.com/static/js_custom/invest/user_config.js, line 614: ReferenceError: token is not defined
JavaScript error: http://test.evoltrader.com/static/js_custom/invest/user_config.js, line 614: ReferenceError: token is not defined
JavaScript error: http://test.evoltrader.com/static/js_custom/invest/user_config.js, line 614: ReferenceError: token is not defined
JavaScript error: http://test.evoltrader.com/static/js_custom/invest/user_config.js, line 614: ReferenceError: token is not defined
JavaScript error: http://test.evoltrader.com/static/js_custom/invest/user_config.js, line 614: ReferenceError: token is not defined
JavaScript error: http://test.evoltrader.com/static/js_custom/invest/user_config.js, line 614: ReferenceError: token is not defined
JavaScript error: http://test.evoltrader.com/static/js_custom/invest/user_config.js, line 614: ReferenceError: token is not defined
JavaScript error: http://test.evoltrader.com/static/js_custom/invest/user_config.js, line 614: ReferenceError: token is not defined
JavaScript error: http://test.evoltrader.com/static/js_custom/invest/user_config.js, line 614: ReferenceError: token is not defined
JavaScript error: http://test.evoltrader.com/static/js_custom/invest/user_config.js, line 614: ReferenceError: token is not defined
JavaScript error: http://test.evoltrader.com/static/js_custom/invest/user_config.js, line 614: ReferenceError: token is not defined
JavaScript error: http://test.evoltrader.com/static/js_custom/invest/user_config.js, line 614: ReferenceError: token is not defined
JavaScript error: http://test.evoltrader.com/static/js_custom/invest/user_config.js, line 614: ReferenceError: token is not defined
JavaScript error: http://test.evoltrader.com/static/js_custom/invest/user_config.js, line 614: ReferenceError: token is not defined
JavaScript error: http://test.evoltrader.com/static/js_custom/invest/user_config.js, line 614: ReferenceError: token is not defined
JavaScript error: http://test.evoltrader.com/static/js_custom/invest/user_config.js, line 614: ReferenceError: token is not defined
JavaScript error: http://test.evoltrader.com/static/js_custom/invest/user_config.js, line 614: ReferenceError: token is not defined
JavaScript error: http://test.evoltrader.com/static/js_custom/invest/user_config.js, line 614: ReferenceError: token is not defined
JavaScript error: http://test.evoltrader.com/static/js_custom/invest/user_config.js, line 614: ReferenceError: token is not defined
JavaScript error: http://test.evoltrader.com/static/js_custom/invest/user_config.js, line 614: ReferenceError: token is not defined
JavaScript error: http://test.evoltrader.com/static/js_custom/invest/user_config.js, line 614: ReferenceError: token is not defined
JavaScript error: http://test.evoltrader.com/static/js_custom/invest/user_config.js, line 614: ReferenceError: token is not defined
JavaScript error: http://test.evoltrader.com/static/js_custom/invest/user_config.js, line 614: ReferenceError: token is not defined
JavaScript error: http://test.evoltrader.com/static/js_custom/invest/user_config.js, line 614: ReferenceError: token is not defined
JavaScript error: http://test.evoltrader.com/static/js_custom/invest/user_config.js, line 614: ReferenceError: token is not defined
JavaScript error: http://test.evoltrader.com/static/js_custom/invest/user_config.js, line 614: ReferenceError: token is not defined
JavaScript error: http://test.evoltrader.com/static/js_custom/invest/user_config.js, line 614: ReferenceError: token is not defined
JavaScript error: http://test.evoltrader.com/static/js_custom/invest/user_config.js, line 614: ReferenceError: token is not defined
JavaScript error: http://test.evoltrader.com/static/js_custom/invest/user_config.js, line 614: ReferenceError: token is not defined
JavaScript error: http://test.evoltrader.com/static/js_custom/invest/user_config.js, line 614: ReferenceError: token is not defined
JavaScript error: http://test.evoltrader.com/static/js_custom/invest/user_config.js, line 614: ReferenceError: token is not defined
JavaScript error: http://test.evoltrader.com/static/js_custom/invest/user_config.js, line 614: ReferenceError: token is not defined
JavaScript error: http://test.evoltrader.com/static/js_custom/invest/user_config.js, line 614: ReferenceError: token is not defined
JavaScript error: http://test.evoltrader.com/static/js_custom/invest/user_config.js, line 614: ReferenceError: token is not defined
JavaScript error: http://test.evoltrader.com/static/js_custom/invest/user_config.js, line 614: ReferenceError: token is not defined
JavaScript error: http://test.evoltrader.com/static/js_custom/invest/user_config.js, line 614: ReferenceError: token is not defined
JavaScript error: http://test.evoltrader.com/static/js_custom/invest/user_config.js, line 614: ReferenceError: token is not defined
JavaScript error: http://test.evoltrader.com/static/js_custom/invest/user_config.js, line 614: ReferenceError: token is not defined
JavaScript error: http://test.evoltrader.com/static/js_custom/invest/user_config.js, line 614: ReferenceError: token is not defined
JavaScript error: http://test.evoltrader.com/static/js_custom/invest/user_config.js, line 614: ReferenceError: token is not defined
JavaScript error: http://test.evoltrader.com/static/js_custom/invest/user_config.js, line 614: ReferenceError: token is not defined
JavaScript error: http://test.evoltrader.com/static/js_custom/invest/user_config.js, line 614: ReferenceError: token is not defined
JavaScript error: http://test.evoltrader.com/static/js_custom/invest/user_config.js, line 614: ReferenceError: token is not defined
JavaScript error: http://test.evoltrader.com/static/js_custom/invest/user_config.js, line 614: ReferenceError: token is not defined
JavaScript error: http://test.evoltrader.com/static/js_custom/invest/user_config.js, line 614: ReferenceError: token is not defined
JavaScript error: http://test.evoltrader.com/static/js_custom/invest/user_config.js, line 614: ReferenceError: token is not defined
JavaScript error: http://test.evoltrader.com/static/js_custom/invest/user_config.js, line 614: ReferenceError: token is not defined
JavaScript error: http://test.evoltrader.com/static/js_custom/invest/user_config.js, line 614: ReferenceError: token is not defined
JavaScript error: http://test.evoltrader.com/static/js_custom/invest/user_config.js, line 614: ReferenceError: token is not defined
JavaScript error: http://test.evoltrader.com/static/js_custom/invest/user_config.js, line 614: ReferenceError: token is not defined
JavaScript error: http://test.evoltrader.com/static/js_custom/invest/user_config.js, line 614: ReferenceError: token is not defined
JavaScript error: http://test.evoltrader.com/static/js_custom/invest/user_config.js, line 614: ReferenceError: token is not defined
JavaScript error: http://test.evoltrader.com/static/js_custom/invest/user_config.js, line 614: ReferenceError: token is not defined
JavaScript error: http://test.evoltrader.com/static/js_custom/invest/user_config.js, line 614: ReferenceError: token is not defined
JavaScript error: http://test.evoltrader.com/static/js_custom/invest/user_config.js, line 614: ReferenceError: token is not defined
JavaScript error: http://test.evoltrader.com/static/js_custom/invest/user_config.js, line 614: ReferenceError: token is not defined
JavaScript error: http://test.evoltrader.com/static/js_custom/invest/user_config.js, line 614: ReferenceError: token is not defined
JavaScript error: http://test.evoltrader.com/static/js_custom/invest/user_config.js, line 614: ReferenceError: token is not defined
JavaScript error: http://test.evoltrader.com/static/js_custom/invest/user_config.js, line 614: ReferenceError: token is not defined
JavaScript error: http://test.evoltrader.com/static/js_custom/invest/user_config.js, line 614: ReferenceError: token is not defined
JavaScript error: http://test.evoltrader.com/static/js_custom/invest/user_config.js, line 614: ReferenceError: token is not defined
JavaScript error: http://test.evoltrader.com/static/js_custom/invest/user_config.js, line 614: ReferenceError: token is not defined
JavaScript error: http://test.evoltrader.com/static/js_custom/invest/user_config.js, line 614: ReferenceError: token is not defined
JavaScript error: http://test.evoltrader.com/static/js_custom/invest/user_config.js, line 614: ReferenceError: token is not defined
JavaScript error: http://test.evoltrader.com/static/js_custom/invest/user_config.js, line 614: ReferenceError: token is not defined
JavaScript error: http://test.evoltrader.com/static/js_custom/invest/user_config.js, line 614: ReferenceError: token is not defined
JavaScript error: http://test.evoltrader.com/static/js_custom/invest/user_config.js, line 614: ReferenceError: token is not defined
JavaScript error: http://test.evoltrader.com/static/js_custom/invest/user_config.js, line 614: ReferenceError: token is not defined
JavaScript error: http://test.evoltrader.com/static/js_custom/invest/user_config.js, line 614: ReferenceError: token is not defined
JavaScript error: http://test.evoltrader.com/static/js_custom/invest/user_config.js, line 614: ReferenceError: token is not defined
1625743519380	Marionette	INFO	Stopped listening on port 52897

###!!! [Child][RunMessage] Error: Channel closing: too late to send/recv, messages will be lost

