1625763237114	geckodriver	INFO	Listening on 127.0.0.1:49328
1625763240248	mozrunner::runner	INFO	Running command: "C:\\Program Files\\Mozilla Firefox\\firefox.exe" "--marionette" "-foreground" "-no-remote" "-profile" "C:\\Users\\Shrikant\\AppData\\Local\\Temp\\rust_mozprofileqfoL8U"
1625763241435	Marionette	INFO	Marionette enabled
console.warn: SearchSettings: "get: No settings file exists, new profile?" (new NotFoundError("Could not open the file at C:\\Users\\Shrikant\\AppData\\Local\\Temp\\rust_mozprofileqfoL8U\\search.json.mozlz4", (void 0)))
1625763244731	Marionette	INFO	Listening on port 49338
1625763245093	Marionette	WARN	TLS certificate errors will be ignored for this session
console.error: Region.jsm: "Error fetching region" (new Error("TIMEOUT", "resource://gre/modules/Region.jsm", 772))
console.error: Region.jsm: "Failed to fetch region" (new Error("TIMEOUT", "resource://gre/modules/Region.jsm", 419))
JavaScript error: http://test.evoltrader.com/static/js_custom/invest/user_config.js, line 614: ReferenceError: token is not defined
JavaScript error: http://test.evoltrader.com/static/js_custom/invest/user_config.js, line 614: ReferenceError: token is not defined
JavaScript error: http://test.evoltrader.com/static/js_custom/invest/user_config.js, line 614: ReferenceError: token is not defined
JavaScript error: http://test.evoltrader.com/static/js_custom/invest/user_config.js, line 614: ReferenceError: token is not defined
JavaScript error: http://test.evoltrader.com/static/js_custom/invest/user_config.js, line 614: ReferenceError: token is not defined
JavaScript error: http://test.evoltrader.com/static/js_custom/invest/user_config.js, line 614: ReferenceError: token is not defined
JavaScript error: http://test.evoltrader.com/static/js_custom/invest/user_config.js, line 614: ReferenceError: token is not defined
JavaScript error: http://test.evoltrader.com/static/js_custom/invest/user_config.js, line 614: ReferenceError: token is not defined
JavaScript error: http://test.evoltrader.com/static/js_custom/invest/user_config.js, line 614: ReferenceError: token is not defined
JavaScript error: http://test.evoltrader.com/static/js_custom/invest/user_config.js, line 614: ReferenceError: token is not defined
JavaScript error: http://test.evoltrader.com/static/js_custom/invest/user_config.js, line 614: ReferenceError: token is not defined
JavaScript error: http://test.evoltrader.com/static/js_custom/invest/user_config.js, line 614: ReferenceError: token is not defined
JavaScript error: http://test.evoltrader.com/static/js_custom/invest/user_config.js, line 614: ReferenceError: token is not defined
JavaScript error: http://test.evoltrader.com/static/js_custom/invest/user_config.js, line 614: ReferenceError: token is not defined
JavaScript error: http://test.evoltrader.com/static/js_custom/invest/user_config.js, line 614: ReferenceError: token is not defined
JavaScript error: http://test.evoltrader.com/static/js_custom/invest/user_config.js, line 614: ReferenceError: token is not defined
JavaScript error: http://test.evoltrader.com/static/js_custom/invest/user_config.js, line 614: ReferenceError: token is not defined
JavaScript error: http://test.evoltrader.com/static/js_custom/invest/user_config.js, line 614: ReferenceError: token is not defined
JavaScript error: http://test.evoltrader.com/static/js_custom/invest/user_config.js, line 614: ReferenceError: token is not defined
JavaScript error: http://test.evoltrader.com/static/js_custom/invest/user_config.js, line 614: ReferenceError: token is not defined
JavaScript error: http://test.evoltrader.com/static/js_custom/invest/user_config.js, line 614: ReferenceError: token is not defined
JavaScript error: http://test.evoltrader.com/static/js_custom/invest/user_config.js, line 614: ReferenceError: token is not defined
JavaScript error: http://test.evoltrader.com/static/js_custom/invest/user_config.js, line 614: ReferenceError: token is not defined
JavaScript error: http://test.evoltrader.com/static/js_custom/invest/user_config.js, line 614: ReferenceError: token is not defined
JavaScript error: http://test.evoltrader.com/static/js_custom/invest/user_config.js, line 614: ReferenceError: token is not defined
JavaScript error: http://test.evoltrader.com/static/js_custom/invest/user_config.js, line 614: ReferenceError: token is not defined
JavaScript error: http://test.evoltrader.com/static/js_custom/invest/user_config.js, line 614: ReferenceError: token is not defined
JavaScript error: http://test.evoltrader.com/static/js_custom/invest/user_config.js, line 614: ReferenceError: token is not defined
JavaScript error: http://test.evoltrader.com/static/js_custom/invest/user_config.js, line 614: ReferenceError: token is not defined
JavaScript error: http://test.evoltrader.com/static/js_custom/invest/user_config.js, line 614: ReferenceError: token is not defined
JavaScript error: http://test.evoltrader.com/static/js_custom/invest/user_config.js, line 614: ReferenceError: token is not defined
JavaScript error: http://test.evoltrader.com/static/js_custom/invest/user_config.js, line 614: ReferenceError: token is not defined
JavaScript error: http://test.evoltrader.com/static/js_custom/invest/user_config.js, line 614: ReferenceError: token is not defined
JavaScript error: http://test.evoltrader.com/static/js_custom/invest/user_config.js, line 614: ReferenceError: token is not defined
JavaScript error: http://test.evoltrader.com/static/js_custom/invest/user_config.js, line 614: ReferenceError: token is not defined
JavaScript error: http://test.evoltrader.com/static/js_custom/invest/user_config.js, line 614: ReferenceError: token is not defined
JavaScript error: http://test.evoltrader.com/static/js_custom/invest/user_config.js, line 614: ReferenceError: token is not defined
JavaScript error: http://test.evoltrader.com/static/js_custom/invest/user_config.js, line 614: ReferenceError: token is not defined
JavaScript error: http://test.evoltrader.com/static/js_custom/invest/user_config.js, line 614: ReferenceError: token is not defined
JavaScript error: http://test.evoltrader.com/static/js_custom/invest/user_config.js, line 614: ReferenceError: token is not defined
JavaScript error: http://test.evoltrader.com/static/js_custom/invest/user_config.js, line 614: ReferenceError: token is not defined
JavaScript error: http://test.evoltrader.com/static/js_custom/invest/user_config.js, line 614: ReferenceError: token is not defined
JavaScript error: http://test.evoltrader.com/static/js_custom/invest/user_config.js, line 614: ReferenceError: token is not defined
JavaScript error: http://test.evoltrader.com/static/js_custom/invest/user_config.js, line 614: ReferenceError: token is not defined
JavaScript error: http://test.evoltrader.com/static/js_custom/invest/user_config.js, line 614: ReferenceError: token is not defined
JavaScript error: http://test.evoltrader.com/static/js_custom/invest/user_config.js, line 614: ReferenceError: token is not defined
JavaScript error: http://test.evoltrader.com/static/js_custom/invest/user_config.js, line 614: ReferenceError: token is not defined
JavaScript error: http://test.evoltrader.com/static/js_custom/invest/user_config.js, line 614: ReferenceError: token is not defined
JavaScript error: http://test.evoltrader.com/static/js_custom/invest/user_config.js, line 614: ReferenceError: token is not defined
JavaScript error: http://test.evoltrader.com/static/js_custom/invest/user_config.js, line 614: ReferenceError: token is not defined
JavaScript error: http://test.evoltrader.com/static/js_custom/invest/user_config.js, line 614: ReferenceError: token is not defined
JavaScript error: http://test.evoltrader.com/static/js_custom/invest/user_config.js, line 614: ReferenceError: token is not defined
JavaScript error: http://test.evoltrader.com/static/js_custom/invest/user_config.js, line 614: ReferenceError: token is not defined
JavaScript error: http://test.evoltrader.com/static/js_custom/invest/user_config.js, line 614: ReferenceError: token is not defined
JavaScript error: http://test.evoltrader.com/static/js_custom/invest/user_config.js, line 614: ReferenceError: token is not defined
JavaScript error: http://test.evoltrader.com/static/js_custom/invest/user_config.js, line 614: ReferenceError: token is not defined
JavaScript error: http://test.evoltrader.com/static/js_custom/invest/user_config.js, line 614: ReferenceError: token is not defined
JavaScript error: http://test.evoltrader.com/static/js_custom/invest/user_config.js, line 614: ReferenceError: token is not defined
JavaScript error: http://test.evoltrader.com/static/js_custom/invest/user_config.js, line 614: ReferenceError: token is not defined
JavaScript error: http://test.evoltrader.com/static/js_custom/invest/user_config.js, line 614: ReferenceError: token is not defined
JavaScript error: http://test.evoltrader.com/static/js_custom/invest/user_config.js, line 614: ReferenceError: token is not defined
JavaScript error: http://test.evoltrader.com/static/js_custom/invest/user_config.js, line 614: ReferenceError: token is not defined
JavaScript error: http://test.evoltrader.com/static/js_custom/invest/user_config.js, line 614: ReferenceError: token is not defined
JavaScript error: http://test.evoltrader.com/static/js_custom/invest/user_config.js, line 614: ReferenceError: token is not defined
JavaScript error: http://test.evoltrader.com/static/js_custom/invest/user_config.js, line 614: ReferenceError: token is not defined
JavaScript error: http://test.evoltrader.com/static/js_custom/invest/user_config.js, line 614: ReferenceError: token is not defined
JavaScript error: http://test.evoltrader.com/static/js_custom/invest/user_config.js, line 614: ReferenceError: token is not defined
JavaScript error: http://test.evoltrader.com/static/js_custom/invest/user_config.js, line 614: ReferenceError: token is not defined
JavaScript error: http://test.evoltrader.com/static/js_custom/invest/user_config.js, line 614: ReferenceError: token is not defined
JavaScript error: http://test.evoltrader.com/static/js_custom/invest/user_config.js, line 614: ReferenceError: token is not defined
JavaScript error: http://test.evoltrader.com/static/js_custom/invest/user_config.js, line 614: ReferenceError: token is not defined
JavaScript error: http://test.evoltrader.com/static/js_custom/invest/user_config.js, line 614: ReferenceError: token is not defined
JavaScript error: http://test.evoltrader.com/static/js_custom/invest/user_config.js, line 614: ReferenceError: token is not defined
JavaScript error: http://test.evoltrader.com/static/js_custom/invest/user_config.js, line 614: ReferenceError: token is not defined
JavaScript error: http://test.evoltrader.com/static/js_custom/invest/user_config.js, line 614: ReferenceError: token is not defined
JavaScript error: http://test.evoltrader.com/static/js_custom/invest/user_config.js, line 614: ReferenceError: token is not defined
JavaScript error: http://test.evoltrader.com/static/js_custom/invest/user_config.js, line 614: ReferenceError: token is not defined
JavaScript error: http://test.evoltrader.com/static/js_custom/invest/user_config.js, line 614: ReferenceError: token is not defined
JavaScript error: http://test.evoltrader.com/static/js_custom/invest/user_config.js, line 614: ReferenceError: token is not defined
JavaScript error: http://test.evoltrader.com/static/js_custom/invest/user_config.js, line 614: ReferenceError: token is not defined
JavaScript error: http://test.evoltrader.com/static/js_custom/invest/user_config.js, line 614: ReferenceError: token is not defined
JavaScript error: http://test.evoltrader.com/static/js_custom/invest/user_config.js, line 614: ReferenceError: token is not defined
JavaScript error: http://test.evoltrader.com/static/js_custom/invest/user_config.js, line 614: ReferenceError: token is not defined
JavaScript error: http://test.evoltrader.com/static/js_custom/invest/user_config.js, line 614: ReferenceError: token is not defined
JavaScript error: http://test.evoltrader.com/static/js_custom/invest/user_config.js, line 614: ReferenceError: token is not defined
JavaScript error: http://test.evoltrader.com/static/js_custom/invest/user_config.js, line 614: ReferenceError: token is not defined
JavaScript error: http://test.evoltrader.com/static/js_custom/invest/user_config.js, line 614: ReferenceError: token is not defined
JavaScript error: http://test.evoltrader.com/static/js_custom/invest/user_config.js, line 614: ReferenceError: token is not defined
JavaScript error: http://test.evoltrader.com/static/js_custom/invest/user_config.js, line 614: ReferenceError: token is not defined
JavaScript error: http://test.evoltrader.com/static/js_custom/invest/user_config.js, line 614: ReferenceError: token is not defined
JavaScript error: http://test.evoltrader.com/static/js_custom/invest/user_config.js, line 614: ReferenceError: token is not defined
JavaScript error: http://test.evoltrader.com/static/js_custom/invest/user_config.js, line 614: ReferenceError: token is not defined
JavaScript error: http://test.evoltrader.com/static/js_custom/invest/user_config.js, line 614: ReferenceError: token is not defined
JavaScript error: http://test.evoltrader.com/static/js_custom/invest/user_config.js, line 614: ReferenceError: token is not defined
JavaScript error: http://test.evoltrader.com/static/js_custom/invest/user_config.js, line 614: ReferenceError: token is not defined
JavaScript error: http://test.evoltrader.com/static/js_custom/invest/user_config.js, line 614: ReferenceError: token is not defined
JavaScript error: http://test.evoltrader.com/static/js_custom/invest/user_config.js, line 614: ReferenceError: token is not defined
JavaScript error: http://test.evoltrader.com/static/js_custom/invest/user_config.js, line 614: ReferenceError: token is not defined
JavaScript error: http://test.evoltrader.com/static/js_custom/invest/user_config.js, line 614: ReferenceError: token is not defined
JavaScript error: http://test.evoltrader.com/static/js_custom/invest/user_config.js, line 614: ReferenceError: token is not defined
JavaScript error: http://test.evoltrader.com/static/js_custom/invest/user_config.js, line 614: ReferenceError: token is not defined
JavaScript error: http://test.evoltrader.com/static/js_custom/invest/user_config.js, line 614: ReferenceError: token is not defined
JavaScript error: http://test.evoltrader.com/static/js_custom/invest/user_config.js, line 614: ReferenceError: token is not defined
JavaScript error: http://test.evoltrader.com/static/js_custom/invest/user_config.js, line 614: ReferenceError: token is not defined
JavaScript error: http://test.evoltrader.com/static/js_custom/invest/user_config.js, line 614: ReferenceError: token is not defined
JavaScript error: http://test.evoltrader.com/static/js_custom/invest/user_config.js, line 614: ReferenceError: token is not defined
JavaScript error: http://test.evoltrader.com/static/js_custom/invest/user_config.js, line 614: ReferenceError: token is not defined
JavaScript error: http://test.evoltrader.com/static/js_custom/invest/user_config.js, line 614: ReferenceError: token is not defined
JavaScript error: http://test.evoltrader.com/static/js_custom/invest/user_config.js, line 614: ReferenceError: token is not defined
JavaScript error: http://test.evoltrader.com/static/js_custom/invest/user_config.js, line 614: ReferenceError: token is not defined
JavaScript error: http://test.evoltrader.com/static/js_custom/invest/user_config.js, line 614: ReferenceError: token is not defined
JavaScript error: http://test.evoltrader.com/static/js_custom/invest/user_config.js, line 614: ReferenceError: token is not defined
JavaScript error: http://test.evoltrader.com/static/js_custom/invest/user_config.js, line 614: ReferenceError: token is not defined
1625763570075	Marionette	INFO	Stopped listening on port 49338

###!!! [Child][RunMessage] Error: Channel closing: too late to send/recv, messages will be lost

