1625766157139	geckodriver	INFO	Listening on 127.0.0.1:61843
1625766160213	mozrunner::runner	INFO	Running command: "C:\\Program Files\\Mozilla Firefox\\firefox.exe" "--marionette" "-foreground" "-no-remote" "-profile" "C:\\Users\\Shrikant\\AppData\\Local\\Temp\\rust_mozprofileNkRylh"
1625766160848	Marionette	INFO	Marionette enabled
console.warn: SearchSettings: "get: No settings file exists, new profile?" (new NotFoundError("Could not open the file at C:\\Users\\Shrikant\\AppData\\Local\\Temp\\rust_mozprofileNkRylh\\search.json.mozlz4", (void 0)))
1625766163734	Marionette	INFO	Listening on port 61851
1625766163925	Marionette	WARN	TLS certificate errors will be ignored for this session
JavaScript error: http://test.evoltrader.com/static/js_custom/invest/user_config.js, line 614: ReferenceError: token is not defined
JavaScript error: http://test.evoltrader.com/static/js_custom/invest/user_config.js, line 614: ReferenceError: token is not defined
JavaScript error: http://test.evoltrader.com/static/js_custom/invest/user_config.js, line 614: ReferenceError: token is not defined
JavaScript error: http://test.evoltrader.com/static/js_custom/invest/user_config.js, line 614: ReferenceError: token is not defined
JavaScript error: http://test.evoltrader.com/static/js_custom/invest/user_config.js, line 614: ReferenceError: token is not defined
JavaScript error: http://test.evoltrader.com/static/js_custom/invest/user_config.js, line 614: ReferenceError: token is not defined
JavaScript error: http://test.evoltrader.com/static/js_custom/invest/user_config.js, line 614: ReferenceError: token is not defined
JavaScript error: http://test.evoltrader.com/static/js_custom/invest/user_config.js, line 614: ReferenceError: token is not defined
JavaScript error: http://test.evoltrader.com/static/js_custom/invest/user_config.js, line 614: ReferenceError: token is not defined
JavaScript error: http://test.evoltrader.com/static/js_custom/invest/user_config.js, line 614: ReferenceError: token is not defined
JavaScript error: http://test.evoltrader.com/static/js_custom/invest/user_config.js, line 614: ReferenceError: token is not defined
JavaScript error: http://test.evoltrader.com/static/js_custom/invest/user_config.js, line 614: ReferenceError: token is not defined
JavaScript error: http://test.evoltrader.com/static/js_custom/invest/user_config.js, line 614: ReferenceError: token is not defined
JavaScript error: http://test.evoltrader.com/static/js_custom/invest/user_config.js, line 614: ReferenceError: token is not defined
JavaScript error: http://test.evoltrader.com/static/js_custom/invest/user_config.js, line 614: ReferenceError: token is not defined
JavaScript error: http://test.evoltrader.com/static/js_custom/invest/user_config.js, line 614: ReferenceError: token is not defined
JavaScript error: http://test.evoltrader.com/static/js_custom/invest/user_config.js, line 614: ReferenceError: token is not defined
JavaScript error: http://test.evoltrader.com/static/js_custom/invest/user_config.js, line 614: ReferenceError: token is not defined
JavaScript error: http://test.evoltrader.com/static/js_custom/invest/user_config.js, line 614: ReferenceError: token is not defined
JavaScript error: http://test.evoltrader.com/static/js_custom/invest/user_config.js, line 614: ReferenceError: token is not defined
JavaScript error: http://test.evoltrader.com/static/js_custom/invest/user_config.js, line 614: ReferenceError: token is not defined
JavaScript error: http://test.evoltrader.com/static/js_custom/invest/user_config.js, line 614: ReferenceError: token is not defined
JavaScript error: http://test.evoltrader.com/static/js_custom/invest/user_config.js, line 614: ReferenceError: token is not defined
JavaScript error: http://test.evoltrader.com/static/js_custom/invest/user_config.js, line 614: ReferenceError: token is not defined
JavaScript error: http://test.evoltrader.com/static/js_custom/invest/user_config.js, line 614: ReferenceError: token is not defined
JavaScript error: http://test.evoltrader.com/static/js_custom/invest/user_config.js, line 614: ReferenceError: token is not defined
JavaScript error: http://test.evoltrader.com/static/js_custom/invest/user_config.js, line 614: ReferenceError: token is not defined
JavaScript error: http://test.evoltrader.com/static/js_custom/invest/user_config.js, line 614: ReferenceError: token is not defined
JavaScript error: http://test.evoltrader.com/static/js_custom/invest/user_config.js, line 614: ReferenceError: token is not defined
JavaScript error: http://test.evoltrader.com/static/js_custom/invest/user_config.js, line 614: ReferenceError: token is not defined
JavaScript error: http://test.evoltrader.com/static/js_custom/invest/user_config.js, line 614: ReferenceError: token is not defined
JavaScript error: http://test.evoltrader.com/static/js_custom/invest/user_config.js, line 614: ReferenceError: token is not defined
JavaScript error: http://test.evoltrader.com/static/js_custom/invest/user_config.js, line 614: ReferenceError: token is not defined
JavaScript error: http://test.evoltrader.com/static/js_custom/invest/user_config.js, line 614: ReferenceError: token is not defined
JavaScript error: http://test.evoltrader.com/static/js_custom/invest/user_config.js, line 614: ReferenceError: token is not defined
JavaScript error: http://test.evoltrader.com/static/js_custom/invest/user_config.js, line 614: ReferenceError: token is not defined
JavaScript error: http://test.evoltrader.com/static/js_custom/invest/user_config.js, line 614: ReferenceError: token is not defined
JavaScript error: http://test.evoltrader.com/static/js_custom/invest/user_config.js, line 614: ReferenceError: token is not defined
JavaScript error: http://test.evoltrader.com/static/js_custom/invest/user_config.js, line 614: ReferenceError: token is not defined
JavaScript error: http://test.evoltrader.com/static/js_custom/invest/user_config.js, line 614: ReferenceError: token is not defined
JavaScript error: http://test.evoltrader.com/static/js_custom/invest/user_config.js, line 614: ReferenceError: token is not defined
JavaScript error: http://test.evoltrader.com/static/js_custom/invest/user_config.js, line 614: ReferenceError: token is not defined
JavaScript error: http://test.evoltrader.com/static/js_custom/invest/user_config.js, line 614: ReferenceError: token is not defined
JavaScript error: http://test.evoltrader.com/static/js_custom/invest/user_config.js, line 614: ReferenceError: token is not defined
JavaScript error: http://test.evoltrader.com/static/js_custom/invest/user_config.js, line 614: ReferenceError: token is not defined
JavaScript error: http://test.evoltrader.com/static/js_custom/invest/user_config.js, line 614: ReferenceError: token is not defined
JavaScript error: http://test.evoltrader.com/static/js_custom/invest/user_config.js, line 614: ReferenceError: token is not defined
JavaScript error: http://test.evoltrader.com/static/js_custom/invest/user_config.js, line 614: ReferenceError: token is not defined
JavaScript error: http://test.evoltrader.com/static/js_custom/invest/user_config.js, line 614: ReferenceError: token is not defined
JavaScript error: http://test.evoltrader.com/static/js_custom/invest/user_config.js, line 614: ReferenceError: token is not defined
JavaScript error: http://test.evoltrader.com/static/js_custom/invest/user_config.js, line 614: ReferenceError: token is not defined
JavaScript error: http://test.evoltrader.com/static/js_custom/invest/user_config.js, line 614: ReferenceError: token is not defined
JavaScript error: http://test.evoltrader.com/static/js_custom/invest/user_config.js, line 614: ReferenceError: token is not defined
JavaScript error: http://test.evoltrader.com/static/js_custom/invest/user_config.js, line 614: ReferenceError: token is not defined
JavaScript error: http://test.evoltrader.com/static/js_custom/invest/user_config.js, line 614: ReferenceError: token is not defined
JavaScript error: http://test.evoltrader.com/static/js_custom/invest/user_config.js, line 614: ReferenceError: token is not defined
JavaScript error: http://test.evoltrader.com/static/js_custom/invest/user_config.js, line 614: ReferenceError: token is not defined
JavaScript error: http://test.evoltrader.com/static/js_custom/invest/user_config.js, line 614: ReferenceError: token is not defined
JavaScript error: http://test.evoltrader.com/static/js_custom/invest/user_config.js, line 614: ReferenceError: token is not defined
JavaScript error: http://test.evoltrader.com/static/js_custom/invest/user_config.js, line 614: ReferenceError: token is not defined
JavaScript error: http://test.evoltrader.com/static/js_custom/invest/user_config.js, line 614: ReferenceError: token is not defined
JavaScript error: http://test.evoltrader.com/static/js_custom/invest/user_config.js, line 614: ReferenceError: token is not defined
JavaScript error: http://test.evoltrader.com/static/js_custom/invest/user_config.js, line 614: ReferenceError: token is not defined
JavaScript error: http://test.evoltrader.com/static/js_custom/invest/user_config.js, line 614: ReferenceError: token is not defined
JavaScript error: http://test.evoltrader.com/static/js_custom/invest/user_config.js, line 614: ReferenceError: token is not defined
JavaScript error: http://test.evoltrader.com/static/js_custom/invest/user_config.js, line 614: ReferenceError: token is not defined
JavaScript error: http://test.evoltrader.com/static/js_custom/invest/user_config.js, line 614: ReferenceError: token is not defined
JavaScript error: http://test.evoltrader.com/static/js_custom/invest/user_config.js, line 614: ReferenceError: token is not defined
JavaScript error: http://test.evoltrader.com/static/js_custom/invest/user_config.js, line 614: ReferenceError: token is not defined
JavaScript error: http://test.evoltrader.com/static/js_custom/invest/user_config.js, line 614: ReferenceError: token is not defined
JavaScript error: http://test.evoltrader.com/static/js_custom/invest/user_config.js, line 614: ReferenceError: token is not defined
JavaScript error: http://test.evoltrader.com/static/js_custom/invest/user_config.js, line 614: ReferenceError: token is not defined
JavaScript error: http://test.evoltrader.com/static/js_custom/invest/user_config.js, line 614: ReferenceError: token is not defined
JavaScript error: http://test.evoltrader.com/static/js_custom/invest/user_config.js, line 614: ReferenceError: token is not defined
JavaScript error: http://test.evoltrader.com/static/js_custom/invest/user_config.js, line 614: ReferenceError: token is not defined
JavaScript error: http://test.evoltrader.com/static/js_custom/invest/user_config.js, line 614: ReferenceError: token is not defined
JavaScript error: http://test.evoltrader.com/static/js_custom/invest/user_config.js, line 614: ReferenceError: token is not defined
JavaScript error: http://test.evoltrader.com/static/js_custom/invest/user_config.js, line 614: ReferenceError: token is not defined
JavaScript error: http://test.evoltrader.com/static/js_custom/invest/user_config.js, line 614: ReferenceError: token is not defined
JavaScript error: http://test.evoltrader.com/static/js_custom/invest/user_config.js, line 614: ReferenceError: token is not defined
JavaScript error: http://test.evoltrader.com/static/js_custom/invest/user_config.js, line 614: ReferenceError: token is not defined
JavaScript error: http://test.evoltrader.com/static/js_custom/invest/user_config.js, line 614: ReferenceError: token is not defined
JavaScript error: http://test.evoltrader.com/static/js_custom/invest/user_config.js, line 614: ReferenceError: token is not defined
JavaScript error: http://test.evoltrader.com/static/js_custom/invest/user_config.js, line 614: ReferenceError: token is not defined
JavaScript error: http://test.evoltrader.com/static/js_custom/invest/user_config.js, line 614: ReferenceError: token is not defined
JavaScript error: http://test.evoltrader.com/static/js_custom/invest/user_config.js, line 614: ReferenceError: token is not defined
JavaScript error: http://test.evoltrader.com/static/js_custom/invest/user_config.js, line 614: ReferenceError: token is not defined
JavaScript error: http://test.evoltrader.com/static/js_custom/invest/user_config.js, line 614: ReferenceError: token is not defined
JavaScript error: http://test.evoltrader.com/static/js_custom/invest/user_config.js, line 614: ReferenceError: token is not defined
JavaScript error: http://test.evoltrader.com/static/js_custom/invest/user_config.js, line 614: ReferenceError: token is not defined
JavaScript error: http://test.evoltrader.com/static/js_custom/invest/user_config.js, line 614: ReferenceError: token is not defined
JavaScript error: http://test.evoltrader.com/static/js_custom/invest/user_config.js, line 614: ReferenceError: token is not defined
JavaScript error: http://test.evoltrader.com/static/js_custom/invest/user_config.js, line 614: ReferenceError: token is not defined
JavaScript error: http://test.evoltrader.com/static/js_custom/invest/user_config.js, line 614: ReferenceError: token is not defined
JavaScript error: http://test.evoltrader.com/static/js_custom/invest/user_config.js, line 614: ReferenceError: token is not defined
JavaScript error: http://test.evoltrader.com/static/js_custom/invest/user_config.js, line 614: ReferenceError: token is not defined
JavaScript error: http://test.evoltrader.com/static/js_custom/invest/user_config.js, line 614: ReferenceError: token is not defined
JavaScript error: http://test.evoltrader.com/static/js_custom/invest/user_config.js, line 614: ReferenceError: token is not defined
JavaScript error: http://test.evoltrader.com/static/js_custom/invest/user_config.js, line 614: ReferenceError: token is not defined
JavaScript error: http://test.evoltrader.com/static/js_custom/invest/user_config.js, line 614: ReferenceError: token is not defined
JavaScript error: http://test.evoltrader.com/static/js_custom/invest/user_config.js, line 614: ReferenceError: token is not defined
JavaScript error: http://test.evoltrader.com/static/js_custom/invest/user_config.js, line 614: ReferenceError: token is not defined
JavaScript error: http://test.evoltrader.com/static/js_custom/invest/user_config.js, line 614: ReferenceError: token is not defined
JavaScript error: http://test.evoltrader.com/static/js_custom/invest/user_config.js, line 614: ReferenceError: token is not defined
JavaScript error: http://test.evoltrader.com/static/js_custom/invest/user_config.js, line 614: ReferenceError: token is not defined
JavaScript error: http://test.evoltrader.com/static/js_custom/invest/user_config.js, line 614: ReferenceError: token is not defined
JavaScript error: http://test.evoltrader.com/static/js_custom/invest/user_config.js, line 614: ReferenceError: token is not defined
JavaScript error: http://test.evoltrader.com/static/js_custom/invest/user_config.js, line 614: ReferenceError: token is not defined
JavaScript error: http://test.evoltrader.com/static/js_custom/invest/user_config.js, line 614: ReferenceError: token is not defined
JavaScript error: http://test.evoltrader.com/static/js_custom/invest/user_config.js, line 614: ReferenceError: token is not defined
JavaScript error: http://test.evoltrader.com/static/js_custom/invest/user_config.js, line 614: ReferenceError: token is not defined
JavaScript error: http://test.evoltrader.com/static/js_custom/invest/user_config.js, line 614: ReferenceError: token is not defined
JavaScript error: http://test.evoltrader.com/static/js_custom/invest/user_config.js, line 614: ReferenceError: token is not defined
1625766338631	Marionette	INFO	Stopped listening on port 61851

###!!! [Child][RunMessage] Error: Channel closing: too late to send/recv, messages will be lost

